Build started 4/21/2016 11:02:18 PM.
     1>Project "C:\Users\CeLiA\Desktop\PORTFOLIO\JustGoogle\JustGoogle\JustGoogle.vcxproj" on node 2 (build target(s)).
     1>InitializeBuildStatus:
         Creating "Debug\JustGoogle.unsuccessfulbuild" because "AlwaysCreate" was specified.
       ClCompile:
         C:\Program Files (x86)\Microsoft Visual Studio 10.0\VC\bin\CL.exe /c /ZI /nologo /W3 /WX- /Od /Oy- /D WIN32 /D _DEBUG /D _CONSOLE /D _UNICODE /D UNICODE /Gm /EHsc /RTC1 /MDd /GS /fp:precise /Zc:wchar_t /Zc:forScope /Fo"Debug\\" /Fd"Debug\vc100.pdb" /Gd /TP /analyze- /errorReport:prompt Sorting.cpp
         Sorting.cpp
       ManifestResourceCompile:
         All outputs are up-to-date.
       Link:
         C:\Program Files (x86)\Microsoft Visual Studio 10.0\VC\bin\link.exe /ERRORREPORT:PROMPT /OUT:"C:\Users\CeLiA\Desktop\PORTFOLIO\JustGoogle\Debug\JustGoogle.exe" /INCREMENTAL /NOLOGO kernel32.lib user32.lib gdi32.lib winspool.lib comdlg32.lib advapi32.lib shell32.lib ole32.lib oleaut32.lib uuid.lib odbc32.lib odbccp32.lib /MANIFEST /ManifestFile:"Debug\JustGoogle.exe.intermediate.manifest" /MANIFESTUAC:"level='asInvoker' uiAccess='false'" /DEBUG /PDB:"C:\Users\CeLiA\Desktop\PORTFOLIO\JustGoogle\Debug\JustGoogle.pdb" /SUBSYSTEM:CONSOLE /TLBID:1 /DYNAMICBASE /NXCOMPAT /IMPLIB:"C:\Users\CeLiA\Desktop\PORTFOLIO\JustGoogle\Debug\JustGoogle.lib" /MACHINE:X86 Debug\JustGoogle.exe.embed.manifest.res
         Debug\Array.obj
         Debug\FamilyTree.obj
         Debug\IntBinaryTree.obj
         Debug\MyTree.obj
         Debug\Phishing.obj
         Debug\Queues.obj
         Debug\Slack.obj
         Debug\Sorting.obj
     1>Sorting.obj : error LNK2019: unresolved external symbol "void __cdecl swape(int,int)" (?swape@@YAXHH@Z) referenced in function "void __cdecl Bublesort(int *,int)" (?Bublesort@@YAXPAHH@Z)
     1>C:\Users\CeLiA\Desktop\PORTFOLIO\JustGoogle\Debug\JustGoogle.exe : fatal error LNK1120: 1 unresolved externals
     1>Done Building Project "C:\Users\CeLiA\Desktop\PORTFOLIO\JustGoogle\JustGoogle\JustGoogle.vcxproj" (build target(s)) -- FAILED.

Build FAILED.

Time Elapsed 00:00:00.76
